[2017-03-25 23:27:15] START
[2017-03-25 23:27:52] EDIT sonu/views/default/index.html: -31
[2017-03-25 23:28:04] EDIT sonu/views/default/index.html: 5
[2017-03-25 23:29:06] EDIT sonu/views/default/index.html: 0
[2017-03-25 23:37:28] EDIT sonu/views/default/index.html: 0
[2017-03-25 23:39:27] EDIT sonu/views/default/index.html: 5
[2017-03-25 23:39:34] EDIT sonu/views/default/index.html: -5
[2017-03-25 23:39:53] EDIT sonu/views/default/index.html: 5
[2017-03-25 23:41:15] EDIT sonu/views/default/index.html: 0
[2017-03-25 23:41:27] EDIT sonu/views/default/index.html: 0
[2017-03-26 16:23:32] EDIT sonu/views/default/index.html: -5
[2017-03-26 16:24:19] EDIT sonu/views/default/index.html: 5
[2017-03-26 16:26:50] EDIT sonu/controllers/default.py: 0
[2017-03-26 16:28:07] EDIT sonu/views/layout.html: 0
[2017-03-26 16:28:51] EDIT sonu/views/layout.html: -24
[2017-03-26 16:28:59] EDIT sonu/views/layout.html: 0
[2017-03-26 16:29:24] EDIT sonu/views/default/index.html: 0
[2017-03-26 16:29:43] EDIT sonu/views/layout.html: 24
[2017-03-26 16:29:43] EDIT sonu/views/layout.html: 0
[2017-03-26 16:30:01] EDIT sonu/views/layout.html: -22
[2017-03-26 16:30:46] EDIT sonu/views/layout.html: 22
[2017-03-26 16:34:07] EDIT sonu/models/menu.py: -103
[2017-03-26 16:34:08] EDIT sonu/models/menu.py: 0
[2017-03-26 16:34:29] EDIT sonu/models/menu.py: -2
[2017-03-26 16:35:56] EDIT sonu/models/db.py: 0
[2017-03-26 16:36:20] EDIT sonu/models/db.py: 0
[2017-03-26 16:36:21] EDIT sonu/models/db.py: 0
[2017-03-26 16:36:37] EDIT sonu/models/db.py: 0
[2017-03-26 16:37:05] EDIT sonu/models/db.py: 0
[2017-03-26 16:37:40] EDIT sonu/controllers/default.py: 1
[2017-03-26 16:39:57] EDIT sonu/controllers/default.py: 0
[2017-03-26 16:41:41] EDIT sonu/models/db.py: 0
[2017-03-26 16:45:18] EDIT sonu/views/layout.html: -1
[2017-03-26 16:45:19] EDIT sonu/views/layout.html: 0
[2017-03-26 16:45:37] EDIT sonu/views/layout.html: 0
[2017-03-26 16:46:10] EDIT sonu/views/layout.html: 0
